<?xml version="1.0" encoding="UTF-8"?>
<testsuite xmlns:xsi="http://www.w3.org/2001/XMLSchema-instance" xsi:noNamespaceSchemaLocation="https://maven.apache.org/surefire/maven-surefire-plugin/xsd/surefire-test-report-3.0.xsd" version="3.0" name="PruebasUnitariasArreglos" time="0.071" tests="10" errors="0" skipped="0" failures="4">
  <properties>
[...]
</properties>
  <testcase name="pruebaSuma1" classname="PruebasUnitariasArreglos" time="0.022"/>
  <testcase name="pruebaLimite1" classname="PruebasUnitariasArreglos" time="0.001"/>
  <testcase name="pruebaPromedio1" classname="PruebasUnitariasArreglos" time="0.001"/>
  <testcase name="pruebaPrimedio2nulo" classname="PruebasUnitariasArreglos" time="0.0"/>
  <testcase name="pruebaLimite2null" classname="PruebasUnitariasArreglos" time="0.001"/>
  <testcase name="pruebaSuma2nulo" classname="PruebasUnitariasArreglos" time="0.001"/>
  <testcase name="pruebaInvertidos1" classname="PruebasUnitariasArreglos" time="0.007">
    <failure message="expected: [F@10e41621&lt;[7.8, 5.6, 3.4, 1.2]&gt; but was: [F@353d0772&lt;[7.8, 5.6, 3.4, 1.2]&gt;" type="org.opentest4j.AssertionFailedError"><![CDATA[org.opentest4j.AssertionFailedError: expected: [F@10e41621<[7.8, 5.6, 3.4, 1.2]> but was: [F@353d0772<[7.8, 5.6, 3.4, 1.2]>
	at org.junit.jupiter.api.AssertionFailureBuilder.build(AssertionFailureBuilder.java:151)
	at org.junit.jupiter.api.AssertionFailureBuilder.buildAndThrow(AssertionFailureBuilder.java:132)
	at org.junit.jupiter.api.AssertEquals.failNotEqual(AssertEquals.java:197)
	at org.junit.jupiter.api.AssertEquals.assertEquals(AssertEquals.java:182)
	at org.junit.jupiter.api.AssertEquals.assertEquals(AssertEquals.java:177)
	at org.junit.jupiter.api.Assertions.assertEquals(Assertions.java:1145)
	at PruebasUnitariasArreglos.pruebaInvertidos1(PruebasUnitariasArreglos.java:93)
	at java.base/java.lang.reflect.Method.invoke(Method.java:565)
	at java.base/java.util.ArrayList.forEach(ArrayList.java:1604)
	at java.base/java.util.ArrayList.forEach(ArrayList.java:1604)
]]></failure>
  </testcase>
  <testcase name="pruebaInvertidos2nulo" classname="PruebasUnitariasArreglos" time="0.002">
    <failure message="expected: [F@3daa422a&lt;[]&gt; but was: [F@31c88ec8&lt;[]&gt;" type="org.opentest4j.AssertionFailedError"><![CDATA[org.opentest4j.AssertionFailedError: expected: [F@3daa422a<[]> but was: [F@31c88ec8<[]>
	at org.junit.jupiter.api.AssertionFailureBuilder.build(AssertionFailureBuilder.java:151)
	at org.junit.jupiter.api.AssertionFailureBuilder.buildAndThrow(AssertionFailureBuilder.java:132)
	at org.junit.jupiter.api.AssertEquals.failNotEqual(AssertEquals.java:197)
	at org.junit.jupiter.api.AssertEquals.assertEquals(AssertEquals.java:182)
	at org.junit.jupiter.api.AssertEquals.assertEquals(AssertEquals.java:177)
	at org.junit.jupiter.api.Assertions.assertEquals(Assertions.java:1145)
	at PruebasUnitariasArreglos.pruebaInvertidos2nulo(PruebasUnitariasArreglos.java:102)
	at java.base/java.lang.reflect.Method.invoke(Method.java:565)
	at java.base/java.util.ArrayList.forEach(ArrayList.java:1604)
	at java.base/java.util.ArrayList.forEach(ArrayList.java:1604)
]]></failure>
  </testcase>
  <testcase name="pruebaAbsoluto2nulo" classname="PruebasUnitariasArreglos" time="0.002">
    <failure message="expected: [F@27ce24aa&lt;[]&gt; but was: [F@481a996b&lt;[]&gt;" type="org.opentest4j.AssertionFailedError"><![CDATA[org.opentest4j.AssertionFailedError: expected: [F@27ce24aa<[]> but was: [F@481a996b<[]>
	at org.junit.jupiter.api.AssertionFailureBuilder.build(AssertionFailureBuilder.java:151)
	at org.junit.jupiter.api.AssertionFailureBuilder.buildAndThrow(AssertionFailureBuilder.java:132)
	at org.junit.jupiter.api.AssertEquals.failNotEqual(AssertEquals.java:197)
	at org.junit.jupiter.api.AssertEquals.assertEquals(AssertEquals.java:182)
	at org.junit.jupiter.api.AssertEquals.assertEquals(AssertEquals.java:177)
	at org.junit.jupiter.api.Assertions.assertEquals(Assertions.java:1145)
	at PruebasUnitariasArreglos.pruebaAbsoluto2nulo(PruebasUnitariasArreglos.java:120)
	at java.base/java.lang.reflect.Method.invoke(Method.java:565)
	at java.base/java.util.ArrayList.forEach(ArrayList.java:1604)
	at java.base/java.util.ArrayList.forEach(ArrayList.java:1604)
]]></failure>
  </testcase>
  <testcase name="pruebaAbsoluto1" classname="PruebasUnitariasArreglos" time="0.001">
    <failure message="expected: [F@7ed7259e&lt;[2.0, 3.0, 4.0, 5.0]&gt; but was: [F@28eaa59a&lt;[2.0, 3.0, 4.0, 5.0]&gt;" type="org.opentest4j.AssertionFailedError"><![CDATA[org.opentest4j.AssertionFailedError: expected: [F@7ed7259e<[2.0, 3.0, 4.0, 5.0]> but was: [F@28eaa59a<[2.0, 3.0, 4.0, 5.0]>
	at org.junit.jupiter.api.AssertionFailureBuilder.build(AssertionFailureBuilder.java:151)
	at org.junit.jupiter.api.AssertionFailureBuilder.buildAndThrow(AssertionFailureBuilder.java:132)
	at org.junit.jupiter.api.AssertEquals.failNotEqual(AssertEquals.java:197)
	at org.junit.jupiter.api.AssertEquals.assertEquals(AssertEquals.java:182)
	at org.junit.jupiter.api.AssertEquals.assertEquals(AssertEquals.java:177)
	at org.junit.jupiter.api.Assertions.assertEquals(Assertions.java:1145)
	at PruebasUnitariasArreglos.pruebaAbsoluto1(PruebasUnitariasArreglos.java:111)
	at java.base/java.lang.reflect.Method.invoke(Method.java:565)
	at java.base/java.util.ArrayList.forEach(ArrayList.java:1604)
	at java.base/java.util.ArrayList.forEach(ArrayList.java:1604)
]]></failure>
  </testcase>
</testsuite>